<?xml version="1.0" encoding="UTF-8"?>
<!-- Generated by org.testng.reporters.JUnitReportReporter -->
<testsuite skipped="0" hostname="DESKTOP-9APHSBC" name="com.crm.testscripts.LoginTest" tests="1" failures="0" timestamp="26 Feb 2021 15:37:41 GMT" time="51.327" errors="0">
  <testcase name="loginTest" time="51.327" classname="com.crm.testscripts.LoginTest"/>
</testsuite> <!-- com.crm.testscripts.LoginTest -->
